Nov 17, 2023 1:17:56 AM com.laba.solvd.HW_ShoppingMallApp.Main main
INFO: Starting Shopping Mall Application
Nov 17, 2023 1:17:56 AM com.laba.solvd.HW_ShoppingMallApp.Main main
INFO: Shopping Mall Menu:
Nov 17, 2023 1:17:56 AM com.laba.solvd.HW_ShoppingMallApp.Main main
INFO: 1. Add Product to Cart
Nov 17, 2023 1:17:56 AM com.laba.solvd.HW_ShoppingMallApp.Main main
INFO: 2. Checkout
Nov 17, 2023 1:17:56 AM com.laba.solvd.HW_ShoppingMallApp.Main main
INFO: 3. Exit
Nov 17, 2023 1:17:56 AM com.laba.solvd.HW_ShoppingMallApp.Main main
INFO: Enter your choice: 
Nov 17, 2023 1:22:20 AM com.laba.solvd.HW_ShoppingMallApp.Main main
INFO: Starting Shopping Mall Application
Nov 17, 2023 1:22:20 AM com.laba.solvd.HW_ShoppingMallApp.Main main
INFO: Shopping Mall Menu:
Nov 17, 2023 1:22:20 AM com.laba.solvd.HW_ShoppingMallApp.Main main
INFO: 1. Add Product to Cart
Nov 17, 2023 1:22:20 AM com.laba.solvd.HW_ShoppingMallApp.Main main
INFO: 2. Checkout
Nov 17, 2023 1:22:20 AM com.laba.solvd.HW_ShoppingMallApp.Main main
INFO: 3. Exit
Nov 17, 2023 1:22:20 AM com.laba.solvd.HW_ShoppingMallApp.Main main
INFO: Enter your choice: 
Nov 17, 2023 1:22:27 AM com.laba.solvd.HW_ShoppingMallApp.Main main
INFO: Enter product name and quantity: 
Nov 17, 2023 1:22:32 AM com.laba.solvd.HW_ShoppingMallApp.Main main
INFO: Shopping Mall Menu:
Nov 17, 2023 1:22:32 AM com.laba.solvd.HW_ShoppingMallApp.Main main
INFO: 1. Add Product to Cart
Nov 17, 2023 1:22:32 AM com.laba.solvd.HW_ShoppingMallApp.Main main
INFO: 2. Checkout
Nov 17, 2023 1:22:32 AM com.laba.solvd.HW_ShoppingMallApp.Main main
INFO: 3. Exit
Nov 17, 2023 1:22:32 AM com.laba.solvd.HW_ShoppingMallApp.Main main
INFO: Enter your choice: 
Nov 17, 2023 1:22:36 AM com.laba.solvd.HW_ShoppingMallApp.Main main
INFO: Exiting application...
Nov 17, 2023 1:22:36 AM com.laba.solvd.HW_ShoppingMallApp.Main main
INFO: Application finished
Nov 17, 2023 3:02:32 AM com.laba.solvd.HW_ShoppingMallApp.Main main
INFO: Starting Shopping Mall Application
Nov 17, 2023 3:02:33 AM com.laba.solvd.HW_ShoppingMallApp.Main main
INFO: Shopping Mall Menu:
Nov 17, 2023 3:02:33 AM com.laba.solvd.HW_ShoppingMallApp.Main main
INFO: 1. Add Product to Cart
Nov 17, 2023 3:02:33 AM com.laba.solvd.HW_ShoppingMallApp.Main main
INFO: 2. Checkout
Nov 17, 2023 3:02:33 AM com.laba.solvd.HW_ShoppingMallApp.Main main
INFO: 3. Exit
Nov 17, 2023 3:02:33 AM com.laba.solvd.HW_ShoppingMallApp.Main main
INFO: Enter your choice: 
Nov 17, 2023 4:22:54 AM com.laba.solvd.HW_ShoppingMallApp.Main main
INFO: Starting Shopping Mall Application
Nov 17, 2023 4:22:54 AM com.laba.solvd.HW_ShoppingMallApp.Main main
INFO: Shopping Mall Menu:
Nov 17, 2023 4:22:54 AM com.laba.solvd.HW_ShoppingMallApp.Main main
INFO: 1. Add Product to Cart
Nov 17, 2023 4:22:54 AM com.laba.solvd.HW_ShoppingMallApp.Main main
INFO: 2. Checkout
Nov 17, 2023 4:22:54 AM com.laba.solvd.HW_ShoppingMallApp.Main main
INFO: 3. Exit
Nov 17, 2023 4:22:54 AM com.laba.solvd.HW_ShoppingMallApp.Main main
INFO: Enter your choice: 
Nov 17, 2023 4:26:37 AM com.laba.solvd.HW_ShoppingMallApp.Main main
INFO: Starting Shopping Mall Application
Nov 17, 2023 4:26:37 AM com.laba.solvd.HW_ShoppingMallApp.Main main
INFO: Shopping Mall Menu:
Nov 17, 2023 4:26:37 AM com.laba.solvd.HW_ShoppingMallApp.Main main
INFO: 1. Add Product to Cart
Nov 17, 2023 4:26:37 AM com.laba.solvd.HW_ShoppingMallApp.Main main
INFO: 2. Checkout
Nov 17, 2023 4:26:37 AM com.laba.solvd.HW_ShoppingMallApp.Main main
INFO: 3. Exit
Nov 17, 2023 4:26:37 AM com.laba.solvd.HW_ShoppingMallApp.Main main
INFO: Enter your choice: 
Nov 17, 2023 4:26:53 AM com.laba.solvd.HW_ShoppingMallApp.Main main
INFO: Enter product name and quantity: 
Nov 17, 2023 4:26:55 AM com.laba.solvd.HW_ShoppingMallApp.Main main
INFO: Shopping Mall Menu:
Nov 17, 2023 4:26:55 AM com.laba.solvd.HW_ShoppingMallApp.Main main
INFO: 1. Add Product to Cart
Nov 17, 2023 4:26:55 AM com.laba.solvd.HW_ShoppingMallApp.Main main
INFO: 2. Checkout
Nov 17, 2023 4:26:55 AM com.laba.solvd.HW_ShoppingMallApp.Main main
INFO: 3. Exit
Nov 17, 2023 4:26:55 AM com.laba.solvd.HW_ShoppingMallApp.Main main
INFO: Enter your choice: 
Nov 17, 2023 4:27:01 AM com.laba.solvd.HW_ShoppingMallApp.Main main
INFO: Enter payment method: 
Nov 17, 2023 4:27:03 AM com.laba.solvd.HW_ShoppingMallApp.Main main
INFO: Shopping Mall Menu:
Nov 17, 2023 4:27:03 AM com.laba.solvd.HW_ShoppingMallApp.Main main
INFO: 1. Add Product to Cart
Nov 17, 2023 4:27:03 AM com.laba.solvd.HW_ShoppingMallApp.Main main
INFO: 2. Checkout
Nov 17, 2023 4:27:03 AM com.laba.solvd.HW_ShoppingMallApp.Main main
INFO: 3. Exit
Nov 17, 2023 4:27:03 AM com.laba.solvd.HW_ShoppingMallApp.Main main
INFO: Enter your choice: 
Nov 17, 2023 4:27:14 AM com.laba.solvd.HW_ShoppingMallApp.Main main
INFO: Enter product name and quantity: 
Nov 17, 2023 4:27:16 AM com.laba.solvd.HW_ShoppingMallApp.Main main
INFO: Shopping Mall Menu:
Nov 17, 2023 4:27:16 AM com.laba.solvd.HW_ShoppingMallApp.Main main
INFO: 1. Add Product to Cart
Nov 17, 2023 4:27:16 AM com.laba.solvd.HW_ShoppingMallApp.Main main
INFO: 2. Checkout
Nov 17, 2023 4:27:16 AM com.laba.solvd.HW_ShoppingMallApp.Main main
INFO: 3. Exit
Nov 17, 2023 4:27:16 AM com.laba.solvd.HW_ShoppingMallApp.Main main
INFO: Enter your choice: 
Nov 17, 2023 4:27:20 AM com.laba.solvd.HW_ShoppingMallApp.Main main
INFO: Enter payment method: 
Nov 17, 2023 4:27:22 AM com.laba.solvd.HW_ShoppingMallApp.Main main
INFO: Shopping Mall Menu:
Nov 17, 2023 4:27:22 AM com.laba.solvd.HW_ShoppingMallApp.Main main
INFO: 1. Add Product to Cart
Nov 17, 2023 4:27:22 AM com.laba.solvd.HW_ShoppingMallApp.Main main
INFO: 2. Checkout
Nov 17, 2023 4:27:22 AM com.laba.solvd.HW_ShoppingMallApp.Main main
INFO: 3. Exit
Nov 17, 2023 4:27:22 AM com.laba.solvd.HW_ShoppingMallApp.Main main
INFO: Enter your choice: 
Nov 17, 2023 4:31:10 AM com.laba.solvd.HW_ShoppingMallApp.Main main
INFO: Starting Shopping Mall Application
Nov 17, 2023 4:31:11 AM com.laba.solvd.HW_ShoppingMallApp.Main main
INFO: Shopping Mall Menu:
Nov 17, 2023 4:31:11 AM com.laba.solvd.HW_ShoppingMallApp.Main main
INFO: 1. Add Product to Cart
Nov 17, 2023 4:31:11 AM com.laba.solvd.HW_ShoppingMallApp.Main main
INFO: 2. Checkout
Nov 17, 2023 4:31:11 AM com.laba.solvd.HW_ShoppingMallApp.Main main
INFO: 3. Exit
Nov 17, 2023 4:31:11 AM com.laba.solvd.HW_ShoppingMallApp.Main main
INFO: Enter your choice: 
Nov 17, 2023 4:31:17 AM com.laba.solvd.HW_ShoppingMallApp.Main main
INFO: Enter product name and quantity: 
Nov 17, 2023 4:31:20 AM com.laba.solvd.HW_ShoppingMallApp.Main main
INFO: Shopping Mall Menu:
Nov 17, 2023 4:31:20 AM com.laba.solvd.HW_ShoppingMallApp.Main main
INFO: 1. Add Product to Cart
Nov 17, 2023 4:31:20 AM com.laba.solvd.HW_ShoppingMallApp.Main main
INFO: 2. Checkout
Nov 17, 2023 4:31:20 AM com.laba.solvd.HW_ShoppingMallApp.Main main
INFO: 3. Exit
Nov 17, 2023 4:31:20 AM com.laba.solvd.HW_ShoppingMallApp.Main main
INFO: Enter your choice: 
Nov 17, 2023 4:31:23 AM com.laba.solvd.HW_ShoppingMallApp.Main main
INFO: Enter payment method: 
Nov 17, 2023 4:31:27 AM com.laba.solvd.HW_ShoppingMallApp.Main main
INFO: Shopping Mall Menu:
Nov 17, 2023 4:31:27 AM com.laba.solvd.HW_ShoppingMallApp.Main main
INFO: 1. Add Product to Cart
Nov 17, 2023 4:31:27 AM com.laba.solvd.HW_ShoppingMallApp.Main main
INFO: 2. Checkout
Nov 17, 2023 4:31:27 AM com.laba.solvd.HW_ShoppingMallApp.Main main
INFO: 3. Exit
Nov 17, 2023 4:31:27 AM com.laba.solvd.HW_ShoppingMallApp.Main main
INFO: Enter your choice: 
Nov 17, 2023 4:36:33 AM com.laba.solvd.HW_ShoppingMallApp.Main main
INFO: Starting Shopping Mall Application
Nov 17, 2023 4:36:33 AM com.laba.solvd.HW_ShoppingMallApp.Main main
INFO: Shopping Mall Menu:
Nov 17, 2023 4:36:33 AM com.laba.solvd.HW_ShoppingMallApp.Main main
INFO: 1. Add Product to Cart
Nov 17, 2023 4:36:33 AM com.laba.solvd.HW_ShoppingMallApp.Main main
INFO: 2. Checkout
Nov 17, 2023 4:36:33 AM com.laba.solvd.HW_ShoppingMallApp.Main main
INFO: 3. Exit
Nov 17, 2023 4:36:33 AM com.laba.solvd.HW_ShoppingMallApp.Main main
INFO: Enter your choice: 
Nov 17, 2023 4:36:37 AM com.laba.solvd.HW_ShoppingMallApp.Main main
INFO: Enter product name and quantity: 
Nov 17, 2023 4:36:40 AM com.laba.solvd.HW_ShoppingMallApp.Main main
INFO: Shopping Mall Menu:
Nov 17, 2023 4:36:40 AM com.laba.solvd.HW_ShoppingMallApp.Main main
INFO: 1. Add Product to Cart
Nov 17, 2023 4:36:40 AM com.laba.solvd.HW_ShoppingMallApp.Main main
INFO: 2. Checkout
Nov 17, 2023 4:36:40 AM com.laba.solvd.HW_ShoppingMallApp.Main main
INFO: 3. Exit
Nov 17, 2023 4:36:40 AM com.laba.solvd.HW_ShoppingMallApp.Main main
INFO: Enter your choice: 
Nov 17, 2023 4:36:53 AM com.laba.solvd.HW_ShoppingMallApp.Main main
INFO: Enter payment method: 
Nov 17, 2023 4:36:55 AM com.laba.solvd.HW_ShoppingMallApp.Main main
INFO: Shopping Mall Menu:
Nov 17, 2023 4:36:55 AM com.laba.solvd.HW_ShoppingMallApp.Main main
INFO: 1. Add Product to Cart
Nov 17, 2023 4:36:55 AM com.laba.solvd.HW_ShoppingMallApp.Main main
INFO: 2. Checkout
Nov 17, 2023 4:36:55 AM com.laba.solvd.HW_ShoppingMallApp.Main main
INFO: 3. Exit
Nov 17, 2023 4:36:55 AM com.laba.solvd.HW_ShoppingMallApp.Main main
INFO: Enter your choice: 
Nov 17, 2023 4:36:59 AM com.laba.solvd.HW_ShoppingMallApp.Main main
INFO: Exiting application...
Nov 17, 2023 4:36:59 AM com.laba.solvd.HW_ShoppingMallApp.Main main
INFO: Application finished
Nov 17, 2023 4:40:03 AM com.laba.solvd.HW_ShoppingMallApp.Main main
INFO: Starting Shopping Mall Application
Nov 17, 2023 4:40:03 AM com.laba.solvd.HW_ShoppingMallApp.Main main
INFO: Shopping Mall Menu:
Nov 17, 2023 4:40:03 AM com.laba.solvd.HW_ShoppingMallApp.Main main
INFO: 1. Add Product to Cart
Nov 17, 2023 4:40:03 AM com.laba.solvd.HW_ShoppingMallApp.Main main
INFO: 2. Checkout
Nov 17, 2023 4:40:03 AM com.laba.solvd.HW_ShoppingMallApp.Main main
INFO: 3. Exit
Nov 17, 2023 4:40:03 AM com.laba.solvd.HW_ShoppingMallApp.Main main
INFO: Enter your choice: 
Nov 17, 2023 4:40:09 AM com.laba.solvd.HW_ShoppingMallApp.Main main
INFO: Enter product name and quantity: 
Nov 17, 2023 4:51:16 AM com.laba.solvd.HW_ShoppingMallApp.Main main
INFO: Starting Shopping Mall Application
Nov 17, 2023 4:51:16 AM com.laba.solvd.HW_ShoppingMallApp.Main main
INFO: Shopping Mall Menu:
Nov 17, 2023 4:51:16 AM com.laba.solvd.HW_ShoppingMallApp.Main main
INFO: 1. Add Product to Cart
Nov 17, 2023 4:51:16 AM com.laba.solvd.HW_ShoppingMallApp.Main main
INFO: 2. Checkout
Nov 17, 2023 4:51:16 AM com.laba.solvd.HW_ShoppingMallApp.Main main
INFO: 3. Exit
Nov 17, 2023 4:51:16 AM com.laba.solvd.HW_ShoppingMallApp.Main main
INFO: Enter your choice: 
Nov 17, 2023 4:53:29 AM com.laba.solvd.HW_ShoppingMallApp.Main main
INFO: Enter product name and quantity: 
Nov 17, 2023 4:53:32 AM com.laba.solvd.HW_ShoppingMallApp.Main main
INFO: Shopping Mall Menu:
Nov 17, 2023 4:53:32 AM com.laba.solvd.HW_ShoppingMallApp.Main main
INFO: 1. Add Product to Cart
Nov 17, 2023 4:53:32 AM com.laba.solvd.HW_ShoppingMallApp.Main main
INFO: 2. Checkout
Nov 17, 2023 4:53:32 AM com.laba.solvd.HW_ShoppingMallApp.Main main
INFO: 3. Exit
Nov 17, 2023 4:53:32 AM com.laba.solvd.HW_ShoppingMallApp.Main main
INFO: Enter your choice: 
Nov 17, 2023 4:53:35 AM com.laba.solvd.HW_ShoppingMallApp.Main main
INFO: Enter payment method: 
Nov 17, 2023 4:53:39 AM com.laba.solvd.HW_ShoppingMallApp.Main main
INFO: Shopping Mall Menu:
Nov 17, 2023 4:53:39 AM com.laba.solvd.HW_ShoppingMallApp.Main main
INFO: 1. Add Product to Cart
Nov 17, 2023 4:53:39 AM com.laba.solvd.HW_ShoppingMallApp.Main main
INFO: 2. Checkout
Nov 17, 2023 4:53:39 AM com.laba.solvd.HW_ShoppingMallApp.Main main
INFO: 3. Exit
Nov 17, 2023 4:53:39 AM com.laba.solvd.HW_ShoppingMallApp.Main main
INFO: Enter your choice: 
