Nov 10, 2023 3:45:44 AM com.laba.solvd.HW_ShoppingMallApp.Main main
INFO: Starting application
Nov 10, 2023 3:46:54 AM com.laba.solvd.HW_ShoppingMallApp.Main main
INFO: Starting application
Nov 10, 2023 4:02:16 AM com.laba.solvd.HW_ShoppingMallApp.Main main
INFO: Starting Shopping Mall Application
Nov 10, 2023 4:02:16 AM com.laba.solvd.HW_ShoppingMallApp.Main main
INFO: Shopping Mall Menu:
Nov 10, 2023 4:02:16 AM com.laba.solvd.HW_ShoppingMallApp.Main main
INFO: 1. Add Product to Cart
Nov 10, 2023 4:02:16 AM com.laba.solvd.HW_ShoppingMallApp.Main main
INFO: 2. Checkout
Nov 10, 2023 4:02:16 AM com.laba.solvd.HW_ShoppingMallApp.Main main
INFO: 3. Exit
Nov 10, 2023 4:02:16 AM com.laba.solvd.HW_ShoppingMallApp.Main main
INFO: Enter your choice: 
Nov 10, 2023 4:03:33 AM com.laba.solvd.HW_ShoppingMallApp.Main main
INFO: Enter product name and quantity: 
Nov 10, 2023 4:03:44 AM com.laba.solvd.HW_ShoppingMallApp.Main main
INFO: Shopping Mall Menu:
Nov 10, 2023 4:03:44 AM com.laba.solvd.HW_ShoppingMallApp.Main main
INFO: 1. Add Product to Cart
Nov 10, 2023 4:03:44 AM com.laba.solvd.HW_ShoppingMallApp.Main main
INFO: 2. Checkout
Nov 10, 2023 4:03:44 AM com.laba.solvd.HW_ShoppingMallApp.Main main
INFO: 3. Exit
Nov 10, 2023 4:03:44 AM com.laba.solvd.HW_ShoppingMallApp.Main main
INFO: Enter your choice: 
Nov 10, 2023 4:04:13 AM com.laba.solvd.HW_ShoppingMallApp.Main main
INFO: Exiting application...
Nov 10, 2023 4:04:13 AM com.laba.solvd.HW_ShoppingMallApp.Main main
INFO: Application finished
Nov 10, 2023 4:04:19 AM com.laba.solvd.HW_ShoppingMallApp.Main main
INFO: Starting Shopping Mall Application
Nov 10, 2023 4:04:19 AM com.laba.solvd.HW_ShoppingMallApp.Main main
INFO: Shopping Mall Menu:
Nov 10, 2023 4:04:19 AM com.laba.solvd.HW_ShoppingMallApp.Main main
INFO: 1. Add Product to Cart
Nov 10, 2023 4:04:19 AM com.laba.solvd.HW_ShoppingMallApp.Main main
INFO: 2. Checkout
Nov 10, 2023 4:04:19 AM com.laba.solvd.HW_ShoppingMallApp.Main main
INFO: 3. Exit
Nov 10, 2023 4:04:19 AM com.laba.solvd.HW_ShoppingMallApp.Main main
INFO: Enter your choice: 
Nov 10, 2023 4:04:23 AM com.laba.solvd.HW_ShoppingMallApp.Main main
INFO: Enter product name and quantity: 
Nov 10, 2023 4:04:26 AM com.laba.solvd.HW_ShoppingMallApp.Main main
INFO: Shopping Mall Menu:
Nov 10, 2023 4:04:26 AM com.laba.solvd.HW_ShoppingMallApp.Main main
INFO: 1. Add Product to Cart
Nov 10, 2023 4:04:26 AM com.laba.solvd.HW_ShoppingMallApp.Main main
INFO: 2. Checkout
Nov 10, 2023 4:04:26 AM com.laba.solvd.HW_ShoppingMallApp.Main main
INFO: 3. Exit
Nov 10, 2023 4:04:26 AM com.laba.solvd.HW_ShoppingMallApp.Main main
INFO: Enter your choice: 
Nov 10, 2023 4:04:39 AM com.laba.solvd.HW_ShoppingMallApp.Main main
INFO: Enter product name and quantity: 
Nov 10, 2023 4:04:41 AM com.laba.solvd.HW_ShoppingMallApp.Main main
INFO: Shopping Mall Menu:
Nov 10, 2023 4:04:41 AM com.laba.solvd.HW_ShoppingMallApp.Main main
INFO: 1. Add Product to Cart
Nov 10, 2023 4:04:41 AM com.laba.solvd.HW_ShoppingMallApp.Main main
INFO: 2. Checkout
Nov 10, 2023 4:04:41 AM com.laba.solvd.HW_ShoppingMallApp.Main main
INFO: 3. Exit
Nov 10, 2023 4:04:41 AM com.laba.solvd.HW_ShoppingMallApp.Main main
INFO: Enter your choice: 
Nov 10, 2023 4:05:02 AM com.laba.solvd.HW_ShoppingMallApp.Main main
INFO: Exiting application...
Nov 10, 2023 4:05:02 AM com.laba.solvd.HW_ShoppingMallApp.Main main
INFO: Application finished
Nov 10, 2023 4:05:07 AM com.laba.solvd.HW_ShoppingMallApp.Main main
INFO: Starting Shopping Mall Application
Nov 10, 2023 4:05:07 AM com.laba.solvd.HW_ShoppingMallApp.Main main
INFO: Shopping Mall Menu:
Nov 10, 2023 4:05:07 AM com.laba.solvd.HW_ShoppingMallApp.Main main
INFO: 1. Add Product to Cart
Nov 10, 2023 4:05:07 AM com.laba.solvd.HW_ShoppingMallApp.Main main
INFO: 2. Checkout
Nov 10, 2023 4:05:07 AM com.laba.solvd.HW_ShoppingMallApp.Main main
INFO: 3. Exit
Nov 10, 2023 4:05:07 AM com.laba.solvd.HW_ShoppingMallApp.Main main
INFO: Enter your choice: 
Nov 10, 2023 4:05:09 AM com.laba.solvd.HW_ShoppingMallApp.Main main
INFO: Enter product name and quantity: 
Nov 10, 2023 4:05:11 AM com.laba.solvd.HW_ShoppingMallApp.Main main
INFO: Shopping Mall Menu:
Nov 10, 2023 4:05:11 AM com.laba.solvd.HW_ShoppingMallApp.Main main
INFO: 1. Add Product to Cart
Nov 10, 2023 4:05:11 AM com.laba.solvd.HW_ShoppingMallApp.Main main
INFO: 2. Checkout
Nov 10, 2023 4:05:11 AM com.laba.solvd.HW_ShoppingMallApp.Main main
INFO: 3. Exit
Nov 10, 2023 4:05:11 AM com.laba.solvd.HW_ShoppingMallApp.Main main
INFO: Enter your choice: 
Nov 10, 2023 4:05:19 AM com.laba.solvd.HW_ShoppingMallApp.Main main
INFO: Enter payment method: 
Nov 10, 2023 4:05:21 AM com.laba.solvd.HW_ShoppingMallApp.Main main
INFO: Shopping Mall Menu:
Nov 10, 2023 4:05:21 AM com.laba.solvd.HW_ShoppingMallApp.Main main
INFO: 1. Add Product to Cart
Nov 10, 2023 4:05:21 AM com.laba.solvd.HW_ShoppingMallApp.Main main
INFO: 2. Checkout
Nov 10, 2023 4:05:21 AM com.laba.solvd.HW_ShoppingMallApp.Main main
INFO: 3. Exit
Nov 10, 2023 4:05:21 AM com.laba.solvd.HW_ShoppingMallApp.Main main
INFO: Enter your choice: 
Nov 10, 2023 4:05:35 AM com.laba.solvd.HW_ShoppingMallApp.Main main
INFO: Exiting application...
Nov 10, 2023 4:05:35 AM com.laba.solvd.HW_ShoppingMallApp.Main main
INFO: Application finished
